{
  "0 debug pnpm:scope": {
    "selected": 1
  },
  "1 error pnpm": {
    "code": "ELIFECYCLE",
    "errno": "ENOENT",
    "syscall": "spawn",
    "file": "sh",
    "pkgid": "vite-preact-hello@0.1.0",
    "stage": "dev",
    "script": "vite",
    "pkgname": "vite-preact-hello",
    "err": {
      "name": "pnpm",
      "message": "vite-preact-hello@0.1.0 dev: `vite`\nspawn ENOENT",
      "code": "ELIFECYCLE",
      "stack": "pnpm: vite-preact-hello@0.1.0 dev: `vite`\nspawn ENOENT\n    at ChildProcess.<anonymous> (/usr/local/Cellar/node/16.9.1/pnpm-global/5/node_modules/.pnpm/pnpm@6.16.0/node_modules/pnpm/dist/pnpm.cjs:92913:22)\n    at ChildProcess.emit (node:events:390:28)\n    at maybeClose (node:internal/child_process:1064:16)\n    at Process.ChildProcess._handle.onexit (node:internal/child_process:301:5)"
    }
  },
  "2 warn pnpm:global": " Local package.json exists, but node_modules missing, did you mean to install?"
}